-------------------------------------------------------------------------------
Test set: TestSuite
-------------------------------------------------------------------------------
Tests run: 1, Failures: 1, Errors: 0, Skipped: 0, Time elapsed: 10.116 s <<< FAILURE! - in TestSuite
loginAndChoseItems(org.example.tests.LoginAndAddTest)  Time elapsed: 9.267 s  <<< FAILURE!
org.example.exception.PageValidationException: https://www.saucedemo.com/ validation exception
	at org.example.tests.LoginAndAddTest.loginAndChoseItems(LoginAndAddTest.java:14)

