<?xml version="1.0" encoding="UTF-8"?>
<testng-results ignored="0" total="1" passed="1" failed="0" skipped="0">
  <reporter-output>
  </reporter-output>
  <suite started-at="2020-07-09T15:30:01 AMT" name="All Test Suite" finished-at="2020-07-09T15:30:13 AMT" duration-ms="11707">
    <groups>
    </groups>
    <test started-at="2020-07-09T15:30:01 AMT" name="C:/Users/Lenovo/Desktop/D_Facade_pattern_test" finished-at="2020-07-09T15:30:13 AMT" duration-ms="11707">
      <class name="org.example.tests.LoginAndAddTest">
        <test-method signature="loginAndChoseItems(java.lang.String, java.lang.String)[pri:0, instance:org.example.tests.LoginAndAddTest@62e136d3]" started-at="2020-07-09T15:30:01 AMT" name="loginAndChoseItems" finished-at="2020-07-09T15:30:13 AMT" duration-ms="11645" status="PASS">
          <params>
            <param index="0">
              <value>
                <![CDATA[standard_user]]>
              </value>
            </param>
            <param index="1">
              <value>
                <![CDATA[chrome]]>
              </value>
            </param>
          </params>
          <reporter-output>
          </reporter-output>
        </test-method> <!-- loginAndChoseItems -->
        <test-method is-config="true" signature="afterTest()[pri:0, instance:org.example.tests.LoginAndAddTest@62e136d3]" started-at="2020-07-09T15:30:13 AMT" name="afterTest" finished-at="2020-07-09T15:30:13 AMT" duration-ms="2" status="PASS">
          <reporter-output>
          </reporter-output>
        </test-method> <!-- afterTest -->
      </class> <!-- org.example.tests.LoginAndAddTest -->
    </test> <!-- C:/Users/Lenovo/Desktop/D_Facade_pattern_test -->
  </suite> <!-- All Test Suite -->
</testng-results>
